start -> (-1, -1)
{ -> (-1, -1)
identifier -> (3, 0)
oftype -> (-1, -1)
int -> (-1, -1)
; -> (-1, -1)
identifier -> (4, 0)
oftype -> (-1, -1)
int -> (-1, -1)
; -> (-1, -1)
bagă -> (-1, -1)
( -> (-1, -1)
identifier -> (3, 0)
) -> (-1, -1)
; -> (-1, -1)
bagă -> (-1, -1)
( -> (-1, -1)
identifier -> (4, 0)
) -> (-1, -1)
; -> (-1, -1)
cattimp -> (-1, -1)
( -> (-1, -1)
identifier -> (3, 0)
< -> (-1, -1)
> -> (-1, -1)
identifier -> (4, 0)
) -> (-1, -1)
fă -> (-1, -1)
{ -> (-1, -1)
oare -> (-1, -1)
( -> (-1, -1)
identifier -> (3, 0)
> -> (-1, -1)
identifier -> (4, 0)
) -> (-1, -1)
atunci -> (-1, -1)
{ -> (-1, -1)
identifier -> (3, 0)
= -> (-1, -1)
identifier -> (3, 0)
- -> (-1, -1)
identifier -> (4, 0)
; -> (-1, -1)
} -> (-1, -1)
altfel -> (-1, -1)
{ -> (-1, -1)
identifier -> (4, 0)
= -> (-1, -1)
identifier -> (4, 0)
- -> (-1, -1)
identifier -> (3, 0)
; -> (-1, -1)
} -> (-1, -1)
} -> (-1, -1)
arată -> (-1, -1)
( -> (-1, -1)
identifier -> (3, 0)
) -> (-1, -1)
; -> (-1, -1)
} -> (-1, -1)
