start -> (-1, -1)
{ -> (-1, -1)
identifier -> (16, 0)
oftype -> (-1, -1)
int -> (-1, -1)
; -> (-1, -1)
bagă -> (-1, -1)
( -> (-1, -1)
identifier -> (16, 0)
) -> (-1, -1)
; -> (-1, -1)
identifier -> (11, 0)
oftype -> (-1, -1)
int -> (-1, -1)
; -> (-1, -1)
identifier -> (11, 0)
= -> (-1, -1)
const -> (2, 0)
; -> (-1, -1)
identifier -> (28, 0)
oftype -> (-1, -1)
int -> (-1, -1)
; -> (-1, -1)
identifier -> (12, 0)
oftype -> (-1, -1)
int -> (-1, -1)
; -> (-1, -1)
identifier -> (12, 0)
= -> (-1, -1)
const -> (1, 0)
; -> (-1, -1)
cattimp -> (-1, -1)
( -> (-1, -1)
identifier -> (11, 0)
< -> (-1, -1)
= -> (-1, -1)
identifier -> (16, 0)
) -> (-1, -1)
fă -> (-1, -1)
{ -> (-1, -1)
bagă -> (-1, -1)
( -> (-1, -1)
identifier -> (28, 0)
) -> (-1, -1)
; -> (-1, -1)
identifier -> (12, 0)
= -> (-1, -1)
identifier -> (12, 0)
+ -> (-1, -1)
identifier -> (28, 0)
; -> (-1, -1)
identifier -> (11, 0)
= -> (-1, -1)
identifier -> (11, 0)
+ -> (-1, -1)
const -> (2, 0)
; -> (-1, -1)
} -> (-1, -1)
arată -> (-1, -1)
( -> (-1, -1)
identifier -> (12, 0)
) -> (-1, -1)
; -> (-1, -1)
} -> (-1, -1)
