start -> (-1, -1)
{ -> (-1, -1)
a -> (-1, -1)
oftype -> (-1, -1)
int -> (-1, -1)
; -> (-1, -1)
d -> (-1, -1)
i -> (-1, -1)
v -> (-1, -1)
i -> (-1, -1)
z -> (-1, -1)
o -> (-1, -1)
r -> (-1, -1)
oftype -> (-1, -1)
int -> (-1, -1)
; -> (-1, -1)
d -> (-1, -1)
i -> (-1, -1)
v -> (-1, -1)
i -> (-1, -1)
z -> (-1, -1)
o -> (-1, -1)
r -> (-1, -1)
= -> (-1, -1)
2 -> (-1, -1)
; -> (-1, -1)
o -> (-1, -1)
k -> (-1, -1)
oftype -> (-1, -1)
int -> (-1, -1)
; -> (-1, -1)
o -> (-1, -1)
k -> (-1, -1)
= -> (-1, -1)
0 -> (-1, -1)
; -> (-1, -1)
cattimp -> (-1, -1)
( -> (-1, -1)
d -> (-1, -1)
i -> (-1, -1)
v -> (-1, -1)
i -> (-1, -1)
z -> (-1, -1)
o -> (-1, -1)
r -> (-1, -1)
< -> (-1, -1)
a -> (-1, -1)
/ -> (-1, -1)
2 -> (-1, -1)
) -> (-1, -1)
fă -> (-1, -1)
{ -> (-1, -1)
oare -> (-1, -1)
( -> (-1, -1)
a -> (-1, -1)
m -> (-1, -1)
o -> (-1, -1)
d -> (-1, -1)
b -> (-1, -1)
) -> (-1, -1)
atunci -> (-1, -1)
{ -> (-1, -1)
o -> (-1, -1)
k -> (-1, -1)
= -> (-1, -1)
1 -> (-1, -1)
; -> (-1, -1)
} -> (-1, -1)
d -> (-1, -1)
i -> (-1, -1)
v -> (-1, -1)
i -> (-1, -1)
z -> (-1, -1)
o -> (-1, -1)
r -> (-1, -1)
= -> (-1, -1)
d -> (-1, -1)
i -> (-1, -1)
v -> (-1, -1)
i -> (-1, -1)
z -> (-1, -1)
o -> (-1, -1)
r -> (-1, -1)
+ -> (-1, -1)
1 -> (-1, -1)
; -> (-1, -1)
} -> (-1, -1)
oare -> (-1, -1)
( -> (-1, -1)
o -> (-1, -1)
k -> (-1, -1)
= -> (-1, -1)
= -> (-1, -1)
1 -> (-1, -1)
) -> (-1, -1)
atunci -> (-1, -1)
{ -> (-1, -1)
arată -> (-1, -1)
( -> (-1, -1)
const -> (39, 39)
) -> (-1, -1)
; -> (-1, -1)
} -> (-1, -1)
altfel -> (-1, -1)
{ -> (-1, -1)
arată -> (-1, -1)
( -> (-1, -1)
const -> (16, 16)
) -> (-1, -1)
; -> (-1, -1)
/ -> (-1, -1)
/ -> (-1, -1)
W -> (-1, -1)
e -> (-1, -1)
d -> (-1, -1)
o -> (-1, -1)
n -> (-1, -1)
' -> (-1, -1)
t -> (-1, -1)
h -> (-1, -1)
a -> (-1, -1)
v -> (-1, -1)
e -> (-1, -1)
t -> (-1, -1)
h -> (-1, -1)
e -> (-1, -1)
c -> (-1, -1)
l -> (-1, -1)
o -> (-1, -1)
s -> (-1, -1)
i -> (-1, -1)
n -> (-1, -1)
g -> (-1, -1)
q -> (-1, -1)
u -> (-1, -1)
o -> (-1, -1)
t -> (-1, -1)
e -> (-1, -1)
s -> (-1, -1)
} -> (-1, -1)
} -> (-1, -1)
