start -> (-1, -1)
{ -> (-1, -1)
n -> (-1, -1)
t -> (-1, -1)
y -> (-1, -1)
p -> (-1, -1)
e -> (-1, -1)
o -> (-1, -1)
f -> (-1, -1)
int -> (-1, -1)
; -> (-1, -1)
bagă -> (-1, -1)
( -> (-1, -1)
n -> (-1, -1)
) -> (-1, -1)
; -> (-1, -1)
i -> (-1, -1)
t -> (-1, -1)
y -> (-1, -1)
p -> (-1, -1)
e -> (-1, -1)
o -> (-1, -1)
f -> (-1, -1)
int -> (-1, -1)
; -> (-1, -1)
i -> (-1, -1)
= -> (-1, -1)
const -> (2, 2)
; -> (-1, -1)
t -> (-1, -1)
o -> (-1, -1)
r -> (-1, -1)
e -> (-1, -1)
a -> (-1, -1)
d -> (-1, -1)
t -> (-1, -1)
y -> (-1, -1)
p -> (-1, -1)
e -> (-1, -1)
o -> (-1, -1)
f -> (-1, -1)
int -> (-1, -1)
; -> (-1, -1)
s -> (-1, -1)
u -> (-1, -1)
m -> (-1, -1)
t -> (-1, -1)
y -> (-1, -1)
p -> (-1, -1)
e -> (-1, -1)
o -> (-1, -1)
f -> (-1, -1)
int -> (-1, -1)
; -> (-1, -1)
s -> (-1, -1)
u -> (-1, -1)
m -> (-1, -1)
= -> (-1, -1)
const -> (1, 1)
; -> (-1, -1)
cattimp -> (-1, -1)
( -> (-1, -1)
i -> (-1, -1)
< -> (-1, -1)
= -> (-1, -1)
n -> (-1, -1)
) -> (-1, -1)
fă -> (-1, -1)
{ -> (-1, -1)
bagă -> (-1, -1)
( -> (-1, -1)
t -> (-1, -1)
o -> (-1, -1)
r -> (-1, -1)
e -> (-1, -1)
a -> (-1, -1)
d -> (-1, -1)
) -> (-1, -1)
; -> (-1, -1)
s -> (-1, -1)
u -> (-1, -1)
m -> (-1, -1)
= -> (-1, -1)
s -> (-1, -1)
u -> (-1, -1)
m -> (-1, -1)
+ -> (-1, -1)
t -> (-1, -1)
o -> (-1, -1)
r -> (-1, -1)
e -> (-1, -1)
a -> (-1, -1)
d -> (-1, -1)
; -> (-1, -1)
i -> (-1, -1)
= -> (-1, -1)
i -> (-1, -1)
+ -> (-1, -1)
const -> (2, 2)
; -> (-1, -1)
} -> (-1, -1)
arată -> (-1, -1)
( -> (-1, -1)
s -> (-1, -1)
u -> (-1, -1)
m -> (-1, -1)
) -> (-1, -1)
; -> (-1, -1)
} -> (-1, -1)
