start -> (-1, -1)
{ -> (-1, -1)
a -> (-1, -1)
t -> (-1, -1)
y -> (-1, -1)
p -> (-1, -1)
e -> (-1, -1)
o -> (-1, -1)
f -> (-1, -1)
int -> (-1, -1)
; -> (-1, -1)
b -> (-1, -1)
t -> (-1, -1)
y -> (-1, -1)
p -> (-1, -1)
e -> (-1, -1)
o -> (-1, -1)
f -> (-1, -1)
int -> (-1, -1)
; -> (-1, -1)
bagă -> (-1, -1)
( -> (-1, -1)
a -> (-1, -1)
) -> (-1, -1)
; -> (-1, -1)
bagă -> (-1, -1)
( -> (-1, -1)
b -> (-1, -1)
) -> (-1, -1)
; -> (-1, -1)
cattimp -> (-1, -1)
( -> (-1, -1)
a -> (-1, -1)
< -> (-1, -1)
> -> (-1, -1)
b -> (-1, -1)
) -> (-1, -1)
fă -> (-1, -1)
{ -> (-1, -1)
oare -> (-1, -1)
( -> (-1, -1)
a -> (-1, -1)
> -> (-1, -1)
b -> (-1, -1)
) -> (-1, -1)
atunci -> (-1, -1)
{ -> (-1, -1)
a -> (-1, -1)
= -> (-1, -1)
a -> (-1, -1)
- -> (-1, -1)
b -> (-1, -1)
; -> (-1, -1)
} -> (-1, -1)
altfel -> (-1, -1)
{ -> (-1, -1)
b -> (-1, -1)
= -> (-1, -1)
b -> (-1, -1)
- -> (-1, -1)
a -> (-1, -1)
; -> (-1, -1)
} -> (-1, -1)
} -> (-1, -1)
arată -> (-1, -1)
( -> (-1, -1)
a -> (-1, -1)
) -> (-1, -1)
; -> (-1, -1)
} -> (-1, -1)
